<?xml version="1.0" encoding="UTF-8"?>
<!-- Generated by org.testng.reporters.JUnitXMLReporter -->
<testsuite ignored="6" hostname="DESKTOP-INA0PLA" failures="0" tests="1" name="Default test" time="3.422" errors="0" timestamp="2024-06-28T03:23:05 IST">
  <testcase classname="Tests.RunnerClass" name="postMessage" time="3.329"/>
  <testcase classname="Tests.RunnerClass" name="deleteMessage" time="0.0">
    <ignored/>
  </testcase> <!-- deleteMessage -->
  <testcase classname="Tests.RunnerClass" name="postMessageWithInvalidRequestBody" time="0.0">
    <ignored/>
  </testcase> <!-- postMessageWithInvalidRequestBody -->
  <testcase classname="Tests.RunnerClass" name="getListMessage" time="0.0">
    <ignored/>
  </testcase> <!-- getListMessage -->
  <testcase classname="Tests.RunnerClass" name="getMessage" time="0.0">
    <ignored/>
  </testcase> <!-- getMessage -->
  <testcase classname="Tests.RunnerClass" name="deleteMessageWithInvalidMessageId" time="0.0">
    <ignored/>
  </testcase> <!-- deleteMessageWithInvalidMessageId -->
  <testcase classname="Tests.RunnerClass" name="getMessageWithInvalidMessageId" time="0.0">
    <ignored/>
  </testcase> <!-- getMessageWithInvalidMessageId -->
</testsuite> <!-- Default test -->
