<?xml version="1.0" encoding="UTF-8"?>
<!-- Generated by org.testng.reporters.JUnitXMLReporter -->
<testsuite ignored="0" hostname="DESKTOP-INA0PLA" failures="0" tests="7" name="Test" time="3.916" errors="0" timestamp="2024-06-28T03:24:40 IST">
  <testcase classname="Tests.RunnerClass" name="postMessage" time="3.289"/>
  <testcase classname="Tests.RunnerClass" name="getMessage" time="0.158"/>
  <testcase classname="Tests.RunnerClass" name="getListMessage" time="0.175"/>
  <testcase classname="Tests.RunnerClass" name="deleteMessage" time="0.072"/>
  <testcase classname="Tests.RunnerClass" name="postMessageWithInvalidRequestBody" time="0.044"/>
  <testcase classname="Tests.RunnerClass" name="getMessageWithInvalidMessageId" time="0.032"/>
  <testcase classname="Tests.RunnerClass" name="deleteMessageWithInvalidMessageId" time="0.031"/>
</testsuite> <!-- Test -->
