<?xml version="1.0" encoding="UTF-8"?>
<testng-results ignored="0" total="7" passed="7" failed="0" skipped="0">
  <reporter-output>
  </reporter-output>
  <suite started-at="2024-06-28T03:24:36 IST" name="Suite" finished-at="2024-06-28T03:24:40 IST" duration-ms="3916">
    <groups>
    </groups>
    <test started-at="2024-06-28T03:24:36 IST" name="Test" finished-at="2024-06-28T03:24:40 IST" duration-ms="3916">
      <class name="Tests.RunnerClass">
        <test-method signature="postMessage()[pri:1, instance:Tests.RunnerClass@57c758ac]" started-at="2024-06-28T03:24:36 IST" name="postMessage" finished-at="2024-06-28T03:24:40 IST" duration-ms="3289" status="PASS">
          <reporter-output>
          </reporter-output>
        </test-method> <!-- postMessage -->
        <test-method signature="getMessage()[pri:2, instance:Tests.RunnerClass@57c758ac]" started-at="2024-06-28T03:24:40 IST" name="getMessage" finished-at="2024-06-28T03:24:40 IST" duration-ms="158" status="PASS">
          <reporter-output>
          </reporter-output>
        </test-method> <!-- getMessage -->
        <test-method signature="getListMessage()[pri:3, instance:Tests.RunnerClass@57c758ac]" started-at="2024-06-28T03:24:40 IST" name="getListMessage" finished-at="2024-06-28T03:24:40 IST" duration-ms="175" status="PASS">
          <reporter-output>
          </reporter-output>
        </test-method> <!-- getListMessage -->
        <test-method signature="deleteMessage()[pri:4, instance:Tests.RunnerClass@57c758ac]" started-at="2024-06-28T03:24:40 IST" name="deleteMessage" finished-at="2024-06-28T03:24:40 IST" duration-ms="72" status="PASS">
          <reporter-output>
          </reporter-output>
        </test-method> <!-- deleteMessage -->
        <test-method signature="postMessageWithInvalidRequestBody()[pri:5, instance:Tests.RunnerClass@57c758ac]" started-at="2024-06-28T03:24:40 IST" name="postMessageWithInvalidRequestBody" finished-at="2024-06-28T03:24:40 IST" duration-ms="44" status="PASS">
          <reporter-output>
          </reporter-output>
        </test-method> <!-- postMessageWithInvalidRequestBody -->
        <test-method signature="getMessageWithInvalidMessageId()[pri:6, instance:Tests.RunnerClass@57c758ac]" started-at="2024-06-28T03:24:40 IST" name="getMessageWithInvalidMessageId" finished-at="2024-06-28T03:24:40 IST" duration-ms="32" status="PASS">
          <reporter-output>
          </reporter-output>
        </test-method> <!-- getMessageWithInvalidMessageId -->
        <test-method signature="deleteMessageWithInvalidMessageId()[pri:7, instance:Tests.RunnerClass@57c758ac]" started-at="2024-06-28T03:24:40 IST" name="deleteMessageWithInvalidMessageId" finished-at="2024-06-28T03:24:40 IST" duration-ms="31" status="PASS">
          <reporter-output>
          </reporter-output>
        </test-method> <!-- deleteMessageWithInvalidMessageId -->
      </class> <!-- Tests.RunnerClass -->
    </test> <!-- Test -->
  </suite> <!-- Suite -->
</testng-results>
